<?xml version="1.0" encoding="UTF-8"?>
<testng-results skipped="0" failed="0" total="2" passed="2">
  <reporter-output>
  </reporter-output>
  <suite name="TestingBasics" duration-ms="19" started-at="2013-10-10T16:49:26Z" finished-at="2013-10-10T16:49:26Z">
    <groups>
    </groups>
    <test name="SingleTestSuite1" duration-ms="19" started-at="2013-10-10T16:49:26Z" finished-at="2013-10-10T16:49:26Z">
      <class name="lqas.automation.AppTest">
        <test-method status="PASS" signature="firstTest()[pri:0, instance:lqas.automation.AppTest@6cd67b]" name="firstTest" duration-ms="8" started-at="2013-10-10T19:49:26Z" finished-at="2013-10-10T19:49:26Z">
          <reporter-output>
          </reporter-output>
        </test-method> <!-- firstTest -->
        <test-method status="PASS" signature="secondTest()[pri:0, instance:lqas.automation.AppTest@6cd67b]" name="secondTest" duration-ms="1" started-at="2013-10-10T19:49:26Z" finished-at="2013-10-10T19:49:26Z">
          <reporter-output>
          </reporter-output>
        </test-method> <!-- secondTest -->
      </class> <!-- lqas.automation.AppTest -->
    </test> <!-- SingleTestSuite1 -->
  </suite> <!-- TestingBasics -->
</testng-results>
